Arguments: 
  C:\Program Files\nodejs\node.exe C:\Users\prais\AppData\Roaming\npm\node_modules\yarn\bin\yarn.js install

PATH: 
  C:\Python39\Scripts\;C:\Python39\;C:\Windows\system32;C:\Windows;C:\Windows\System32\Wbem;C:\Windows\System32\WindowsPowerShell\v1.0\;C:\Windows\System32\OpenSSH\;C:\Program Files\nodejs\;C:\ProgramData\chocolatey\bin;C:\Program Files\Git\cmd;C:\Users\prais\AppData\Local\Microsoft\WindowsApps;C:\Users\prais\AppData\Local\Programs\Microsoft VS Code\bin;C:\Users\prais\AppData\Roaming\npm;C:\Users\prais\OneDrive\Desktop\workspace\flutter\bin;

Yarn version: 
  1.22.11

Node version: 
  14.17.5

Platform: 
  win32 x64

Trace: 
  Error: https://registry.yarnpkg.com/rxjs/-/rxjs-6.6.7.tgz: ESOCKETTIMEDOUT
      at ClientRequest.<anonymous> (C:\Users\prais\AppData\Roaming\npm\node_modules\yarn\lib\cli.js:141390:19)
      at Object.onceWrapper (events.js:519:28)
      at ClientRequest.emit (events.js:400:28)
      at TLSSocket.emitRequestTimeout (_http_client.js:790:9)
      at Object.onceWrapper (events.js:519:28)
      at TLSSocket.emit (events.js:412:35)
      at TLSSocket.Socket._onTimeout (net.js:484:8)
      at listOnTimeout (internal/timers.js:557:17)
      at processTimers (internal/timers.js:500:7)

npm manifest: 
  {
    "name": "dicom-viewer-demo",
    "version": "0.0.0",
    "scripts": {
      "ng": "ng",
      "start": "ng serve",
      "build": "ng build",
      "buildLib": "ng build --configuration production dicomViewer",
      "test": "ng test",
      "lint": "ng lint",
      "e2e": "ng e2e"
    },
    "private": true,
    "dependencies": {
      "@angular/animations": "^12.1.4",
      "@angular/cdk": "^12.1.4",
      "@angular/common": "^12.1.4",
      "@angular/compiler": "^12.1.4",
      "@angular/core": "^12.1.4",
      "@angular/forms": "^12.1.4",
      "@angular/material": "^12.2.1",
      "@angular/platform-browser": "^12.1.4",
      "@angular/platform-browser-dynamic": "^12.1.4",
      "@angular/router": "^12.1.4",
      "bootstrap": "^4.5.3",
      "cornerstone-core": "^2.3.0",
      "cornerstone-math": "^0.1.9",
      "cornerstone-tools": "^5.1.2",
      "dicom-parser": "^1.8.7",
      "hammerjs": "^2.0.8",
      "jquery": "^3.6.0",
      "ng-dicomviewer": "^0.1.38",
      "rxjs": "~6.6.3",
      "tslib": "^2.3.0",
      "zone.js": "~0.11.4"
    },
    "devDependencies": {
      "@angular-devkit/build-angular": "^12.1.4",
      "@angular-devkit/build-ng-packagr": "^0.1002.0",
      "@angular/cli": "^12.1.4",
      "@angular/compiler-cli": "^12.1.4",
      "@angular/language-service": "^12.1.4",
      "@types/jasmine": "^3.8.2",
      "@types/jasminewd2": "^2.0.10",
      "@types/node": "^16.4.10",
      "codelyzer": "^6.0.1",
      "jasmine-core": "~3.8.0",
      "jasmine-spec-reporter": "~7.0.0",
      "karma": "~6.3.4",
      "karma-chrome-launcher": "~3.1.0",
      "karma-coverage-istanbul-reporter": "~3.0.3",
      "karma-jasmine": "~4.0.1",
      "karma-jasmine-html-reporter": "^1.7.0",
      "ng-packagr": "^12.1.2",
      "protractor": "~7.0.0",
      "ts-node": "^10.1.0",
      "tslint": "~6.1.3",
      "typescript": "^4.3.5"
    }
  }

yarn manifest: 
  No manifest

Lockfile: 
  No lockfile
